::1 - Sun Dec 30 2018 12:29:56 GMT+0530 (IST) - GET / HTTP/1.1 200 684 - 30 - Mozilla/5.0 (X11; Linux x86_64) AppleWebKit/537.36 (KHTML, like Gecko) Chrome/70.0.3538.110 Safari/537.36
::1 - Sun Dec 30 2018 12:29:56 GMT+0530 (IST) - GET /stylesheets/style.css HTTP/1.1 200 111 - 3 http://localhost:3000/ Mozilla/5.0 (X11; Linux x86_64) AppleWebKit/537.36 (KHTML, like Gecko) Chrome/70.0.3538.110 Safari/537.36
::1 - Sun Dec 30 2018 12:29:56 GMT+0530 (IST) - GET /javascripts/html5shiv.min.js HTTP/1.1 200 2730 - 2 http://localhost:3000/ Mozilla/5.0 (X11; Linux x86_64) AppleWebKit/537.36 (KHTML, like Gecko) Chrome/70.0.3538.110 Safari/537.36
::1 - Sun Dec 30 2018 12:29:56 GMT+0530 (IST) - GET /javascripts/html5shiv-printshiv.min.js HTTP/1.1 200 4366 - 2 http://localhost:3000/ Mozilla/5.0 (X11; Linux x86_64) AppleWebKit/537.36 (KHTML, like Gecko) Chrome/70.0.3538.110 Safari/537.36
::1 - Sun Dec 30 2018 12:29:56 GMT+0530 (IST) - GET /javascripts/respond.min.js HTTP/1.1 200 4593 - 2 http://localhost:3000/ Mozilla/5.0 (X11; Linux x86_64) AppleWebKit/537.36 (KHTML, like Gecko) Chrome/70.0.3538.110 Safari/537.36
::1 - Sun Dec 30 2018 12:29:56 GMT+0530 (IST) - GET /javascripts/respond.matchmedia.addListener.min.js HTTP/1.1 200 5235 - 3 http://localhost:3000/ Mozilla/5.0 (X11; Linux x86_64) AppleWebKit/537.36 (KHTML, like Gecko) Chrome/70.0.3538.110 Safari/537.36
::1 - Sun Dec 30 2018 12:55:13 GMT+0530 (IST) - GET / HTTP/1.1 304 - - 44 - Mozilla/5.0 (X11; Linux x86_64) AppleWebKit/537.36 (KHTML, like Gecko) Chrome/70.0.3538.110 Safari/537.36
::1 - Sun Dec 30 2018 12:55:13 GMT+0530 (IST) - GET /stylesheets/style.css HTTP/1.1 304 - - 5 http://localhost:3000/ Mozilla/5.0 (X11; Linux x86_64) AppleWebKit/537.36 (KHTML, like Gecko) Chrome/70.0.3538.110 Safari/537.36
::1 - Sun Dec 30 2018 12:55:13 GMT+0530 (IST) - GET /javascripts/html5shiv.min.js HTTP/1.1 304 - - 4 http://localhost:3000/ Mozilla/5.0 (X11; Linux x86_64) AppleWebKit/537.36 (KHTML, like Gecko) Chrome/70.0.3538.110 Safari/537.36
::1 - Sun Dec 30 2018 12:55:13 GMT+0530 (IST) - GET /javascripts/html5shiv-printshiv.min.js HTTP/1.1 304 - - 2 http://localhost:3000/ Mozilla/5.0 (X11; Linux x86_64) AppleWebKit/537.36 (KHTML, like Gecko) Chrome/70.0.3538.110 Safari/537.36
::1 - Sun Dec 30 2018 12:55:13 GMT+0530 (IST) - GET /javascripts/respond.min.js HTTP/1.1 304 - - 1 http://localhost:3000/ Mozilla/5.0 (X11; Linux x86_64) AppleWebKit/537.36 (KHTML, like Gecko) Chrome/70.0.3538.110 Safari/537.36
::1 - Sun Dec 30 2018 12:55:13 GMT+0530 (IST) - GET /javascripts/respond.matchmedia.addListener.min.js HTTP/1.1 304 - - 1 http://localhost:3000/ Mozilla/5.0 (X11; Linux x86_64) AppleWebKit/537.36 (KHTML, like Gecko) Chrome/70.0.3538.110 Safari/537.36
::1 - Sun Dec 30 2018 12:57:11 GMT+0530 (IST) - GET / HTTP/1.1 304 - - 73 - Mozilla/5.0 (X11; Linux x86_64) AppleWebKit/537.36 (KHTML, like Gecko) Chrome/70.0.3538.110 Safari/537.36
::1 - Sun Dec 30 2018 12:57:11 GMT+0530 (IST) - GET /stylesheets/style.css HTTP/1.1 304 - - 3 http://localhost:3000/ Mozilla/5.0 (X11; Linux x86_64) AppleWebKit/537.36 (KHTML, like Gecko) Chrome/70.0.3538.110 Safari/537.36
::1 - Sun Dec 30 2018 12:57:11 GMT+0530 (IST) - GET /javascripts/html5shiv.min.js HTTP/1.1 304 - - 2 http://localhost:3000/ Mozilla/5.0 (X11; Linux x86_64) AppleWebKit/537.36 (KHTML, like Gecko) Chrome/70.0.3538.110 Safari/537.36
::1 - Sun Dec 30 2018 12:57:11 GMT+0530 (IST) - GET /javascripts/html5shiv-printshiv.min.js HTTP/1.1 304 - - 4 http://localhost:3000/ Mozilla/5.0 (X11; Linux x86_64) AppleWebKit/537.36 (KHTML, like Gecko) Chrome/70.0.3538.110 Safari/537.36
::1 - Sun Dec 30 2018 12:57:11 GMT+0530 (IST) - GET /javascripts/respond.min.js HTTP/1.1 304 - - 5 http://localhost:3000/ Mozilla/5.0 (X11; Linux x86_64) AppleWebKit/537.36 (KHTML, like Gecko) Chrome/70.0.3538.110 Safari/537.36
::1 - Sun Dec 30 2018 12:57:11 GMT+0530 (IST) - GET /javascripts/respond.matchmedia.addListener.min.js HTTP/1.1 304 - - 3 http://localhost:3000/ Mozilla/5.0 (X11; Linux x86_64) AppleWebKit/537.36 (KHTML, like Gecko) Chrome/70.0.3538.110 Safari/537.36
::1 - Sun Dec 30 2018 13:03:28 GMT+0530 (IST) - GET / HTTP/1.1 304 - - 49 - Mozilla/5.0 (X11; Linux x86_64) AppleWebKit/537.36 (KHTML, like Gecko) Chrome/70.0.3538.110 Safari/537.36
::1 - Sun Dec 30 2018 13:03:28 GMT+0530 (IST) - GET /stylesheets/style.css HTTP/1.1 304 - - 4 http://localhost:3000/ Mozilla/5.0 (X11; Linux x86_64) AppleWebKit/537.36 (KHTML, like Gecko) Chrome/70.0.3538.110 Safari/537.36
::1 - Sun Dec 30 2018 13:03:28 GMT+0530 (IST) - GET /javascripts/html5shiv.min.js HTTP/1.1 304 - - 4 http://localhost:3000/ Mozilla/5.0 (X11; Linux x86_64) AppleWebKit/537.36 (KHTML, like Gecko) Chrome/70.0.3538.110 Safari/537.36
::1 - Sun Dec 30 2018 13:03:28 GMT+0530 (IST) - GET /javascripts/html5shiv-printshiv.min.js HTTP/1.1 304 - - 1 http://localhost:3000/ Mozilla/5.0 (X11; Linux x86_64) AppleWebKit/537.36 (KHTML, like Gecko) Chrome/70.0.3538.110 Safari/537.36
::1 - Sun Dec 30 2018 13:03:28 GMT+0530 (IST) - GET /javascripts/respond.min.js HTTP/1.1 304 - - 1 http://localhost:3000/ Mozilla/5.0 (X11; Linux x86_64) AppleWebKit/537.36 (KHTML, like Gecko) Chrome/70.0.3538.110 Safari/537.36
::1 - Sun Dec 30 2018 13:03:28 GMT+0530 (IST) - GET /javascripts/respond.matchmedia.addListener.min.js HTTP/1.1 304 - - 1 http://localhost:3000/ Mozilla/5.0 (X11; Linux x86_64) AppleWebKit/537.36 (KHTML, like Gecko) Chrome/70.0.3538.110 Safari/537.36
::1 - Sun Dec 30 2018 13:04:04 GMT+0530 (IST) - GET / HTTP/1.1 304 - - 66 - Mozilla/5.0 (X11; Linux x86_64) AppleWebKit/537.36 (KHTML, like Gecko) Chrome/70.0.3538.110 Safari/537.36
::1 - Sun Dec 30 2018 13:04:04 GMT+0530 (IST) - GET /stylesheets/style.css HTTP/1.1 304 - - 4 http://localhost:3000/ Mozilla/5.0 (X11; Linux x86_64) AppleWebKit/537.36 (KHTML, like Gecko) Chrome/70.0.3538.110 Safari/537.36
::1 - Sun Dec 30 2018 13:04:04 GMT+0530 (IST) - GET /javascripts/html5shiv.min.js HTTP/1.1 304 - - 3 http://localhost:3000/ Mozilla/5.0 (X11; Linux x86_64) AppleWebKit/537.36 (KHTML, like Gecko) Chrome/70.0.3538.110 Safari/537.36
::1 - Sun Dec 30 2018 13:04:04 GMT+0530 (IST) - GET /javascripts/html5shiv-printshiv.min.js HTTP/1.1 304 - - 2 http://localhost:3000/ Mozilla/5.0 (X11; Linux x86_64) AppleWebKit/537.36 (KHTML, like Gecko) Chrome/70.0.3538.110 Safari/537.36
::1 - Sun Dec 30 2018 13:04:04 GMT+0530 (IST) - GET /javascripts/respond.min.js HTTP/1.1 304 - - 2 http://localhost:3000/ Mozilla/5.0 (X11; Linux x86_64) AppleWebKit/537.36 (KHTML, like Gecko) Chrome/70.0.3538.110 Safari/537.36
::1 - Sun Dec 30 2018 13:04:04 GMT+0530 (IST) - GET /javascripts/respond.matchmedia.addListener.min.js HTTP/1.1 304 - - 1 http://localhost:3000/ Mozilla/5.0 (X11; Linux x86_64) AppleWebKit/537.36 (KHTML, like Gecko) Chrome/70.0.3538.110 Safari/537.36
::1 - Sun Dec 30 2018 13:04:45 GMT+0530 (IST) - GET / HTTP/1.1 304 - - 87 - Mozilla/5.0 (X11; Linux x86_64) AppleWebKit/537.36 (KHTML, like Gecko) Chrome/70.0.3538.110 Safari/537.36
::1 - Sun Dec 30 2018 13:04:45 GMT+0530 (IST) - GET /stylesheets/style.css HTTP/1.1 304 - - 21 http://localhost:3000/ Mozilla/5.0 (X11; Linux x86_64) AppleWebKit/537.36 (KHTML, like Gecko) Chrome/70.0.3538.110 Safari/537.36
::1 - Sun Dec 30 2018 13:04:45 GMT+0530 (IST) - GET /javascripts/html5shiv.min.js HTTP/1.1 304 - - 19 http://localhost:3000/ Mozilla/5.0 (X11; Linux x86_64) AppleWebKit/537.36 (KHTML, like Gecko) Chrome/70.0.3538.110 Safari/537.36
::1 - Sun Dec 30 2018 13:04:45 GMT+0530 (IST) - GET /javascripts/html5shiv-printshiv.min.js HTTP/1.1 304 - - 1 http://localhost:3000/ Mozilla/5.0 (X11; Linux x86_64) AppleWebKit/537.36 (KHTML, like Gecko) Chrome/70.0.3538.110 Safari/537.36
::1 - Sun Dec 30 2018 13:04:45 GMT+0530 (IST) - GET /javascripts/respond.min.js HTTP/1.1 304 - - 1 http://localhost:3000/ Mozilla/5.0 (X11; Linux x86_64) AppleWebKit/537.36 (KHTML, like Gecko) Chrome/70.0.3538.110 Safari/537.36
::1 - Sun Dec 30 2018 13:04:45 GMT+0530 (IST) - GET /javascripts/respond.matchmedia.addListener.min.js HTTP/1.1 304 - - 1 http://localhost:3000/ Mozilla/5.0 (X11; Linux x86_64) AppleWebKit/537.36 (KHTML, like Gecko) Chrome/70.0.3538.110 Safari/537.36
::1 - Sun Dec 30 2018 13:07:17 GMT+0530 (IST) - GET / HTTP/1.1 304 - - 103 - Mozilla/5.0 (X11; Linux x86_64) AppleWebKit/537.36 (KHTML, like Gecko) Chrome/70.0.3538.110 Safari/537.36
::1 - Sun Dec 30 2018 13:07:17 GMT+0530 (IST) - GET /stylesheets/style.css HTTP/1.1 304 - - 3 http://localhost:3000/ Mozilla/5.0 (X11; Linux x86_64) AppleWebKit/537.36 (KHTML, like Gecko) Chrome/70.0.3538.110 Safari/537.36
::1 - Sun Dec 30 2018 13:07:17 GMT+0530 (IST) - GET /javascripts/html5shiv.min.js HTTP/1.1 304 - - 3 http://localhost:3000/ Mozilla/5.0 (X11; Linux x86_64) AppleWebKit/537.36 (KHTML, like Gecko) Chrome/70.0.3538.110 Safari/537.36
::1 - Sun Dec 30 2018 13:07:17 GMT+0530 (IST) - GET /javascripts/html5shiv-printshiv.min.js HTTP/1.1 304 - - 6 http://localhost:3000/ Mozilla/5.0 (X11; Linux x86_64) AppleWebKit/537.36 (KHTML, like Gecko) Chrome/70.0.3538.110 Safari/537.36
::1 - Sun Dec 30 2018 13:07:17 GMT+0530 (IST) - GET /javascripts/respond.min.js HTTP/1.1 304 - - 7 http://localhost:3000/ Mozilla/5.0 (X11; Linux x86_64) AppleWebKit/537.36 (KHTML, like Gecko) Chrome/70.0.3538.110 Safari/537.36
::1 - Sun Dec 30 2018 13:07:17 GMT+0530 (IST) - GET /javascripts/respond.matchmedia.addListener.min.js HTTP/1.1 304 - - 6 http://localhost:3000/ Mozilla/5.0 (X11; Linux x86_64) AppleWebKit/537.36 (KHTML, like Gecko) Chrome/70.0.3538.110 Safari/537.36
::1 - Sun Dec 30 2018 13:19:23 GMT+0530 (IST) - GET / HTTP/1.1 304 - - 86 - Mozilla/5.0 (X11; Linux x86_64) AppleWebKit/537.36 (KHTML, like Gecko) Chrome/70.0.3538.110 Safari/537.36
::1 - Sun Dec 30 2018 13:19:23 GMT+0530 (IST) - GET /stylesheets/style.css HTTP/1.1 304 - - 10 http://localhost:3000/ Mozilla/5.0 (X11; Linux x86_64) AppleWebKit/537.36 (KHTML, like Gecko) Chrome/70.0.3538.110 Safari/537.36
::1 - Sun Dec 30 2018 13:19:23 GMT+0530 (IST) - GET /javascripts/html5shiv.min.js HTTP/1.1 304 - - 5 http://localhost:3000/ Mozilla/5.0 (X11; Linux x86_64) AppleWebKit/537.36 (KHTML, like Gecko) Chrome/70.0.3538.110 Safari/537.36
::1 - Sun Dec 30 2018 13:19:23 GMT+0530 (IST) - GET /javascripts/html5shiv-printshiv.min.js HTTP/1.1 304 - - 2 http://localhost:3000/ Mozilla/5.0 (X11; Linux x86_64) AppleWebKit/537.36 (KHTML, like Gecko) Chrome/70.0.3538.110 Safari/537.36
::1 - Sun Dec 30 2018 13:19:23 GMT+0530 (IST) - GET /javascripts/respond.min.js HTTP/1.1 304 - - 2 http://localhost:3000/ Mozilla/5.0 (X11; Linux x86_64) AppleWebKit/537.36 (KHTML, like Gecko) Chrome/70.0.3538.110 Safari/537.36
::1 - Sun Dec 30 2018 13:19:23 GMT+0530 (IST) - GET /javascripts/respond.matchmedia.addListener.min.js HTTP/1.1 304 - - 2 http://localhost:3000/ Mozilla/5.0 (X11; Linux x86_64) AppleWebKit/537.36 (KHTML, like Gecko) Chrome/70.0.3538.110 Safari/537.36
::1 - Sun Dec 30 2018 13:19:39 GMT+0530 (IST) - GET / HTTP/1.1 304 - - 59 - Mozilla/5.0 (X11; Linux x86_64) AppleWebKit/537.36 (KHTML, like Gecko) Chrome/70.0.3538.110 Safari/537.36
::1 - Sun Dec 30 2018 13:19:39 GMT+0530 (IST) - GET /stylesheets/style.css HTTP/1.1 304 - - 5 http://localhost:3000/ Mozilla/5.0 (X11; Linux x86_64) AppleWebKit/537.36 (KHTML, like Gecko) Chrome/70.0.3538.110 Safari/537.36
::1 - Sun Dec 30 2018 13:19:39 GMT+0530 (IST) - GET /javascripts/html5shiv.min.js HTTP/1.1 304 - - 3 http://localhost:3000/ Mozilla/5.0 (X11; Linux x86_64) AppleWebKit/537.36 (KHTML, like Gecko) Chrome/70.0.3538.110 Safari/537.36
::1 - Sun Dec 30 2018 13:19:39 GMT+0530 (IST) - GET /javascripts/html5shiv-printshiv.min.js HTTP/1.1 304 - - 1 http://localhost:3000/ Mozilla/5.0 (X11; Linux x86_64) AppleWebKit/537.36 (KHTML, like Gecko) Chrome/70.0.3538.110 Safari/537.36
::1 - Sun Dec 30 2018 13:19:39 GMT+0530 (IST) - GET /javascripts/respond.min.js HTTP/1.1 304 - - 1 http://localhost:3000/ Mozilla/5.0 (X11; Linux x86_64) AppleWebKit/537.36 (KHTML, like Gecko) Chrome/70.0.3538.110 Safari/537.36
::1 - Sun Dec 30 2018 13:19:39 GMT+0530 (IST) - GET /javascripts/respond.matchmedia.addListener.min.js HTTP/1.1 304 - - 1 http://localhost:3000/ Mozilla/5.0 (X11; Linux x86_64) AppleWebKit/537.36 (KHTML, like Gecko) Chrome/70.0.3538.110 Safari/537.36
::1 - Sun Dec 30 2018 13:26:38 GMT+0530 (IST) - GET / HTTP/1.1 200 663 - 60 - Mozilla/5.0 (X11; Linux x86_64) AppleWebKit/537.36 (KHTML, like Gecko) Chrome/70.0.3538.110 Safari/537.36
::1 - Sun Dec 30 2018 13:26:39 GMT+0530 (IST) - GET /stylesheets/style.css HTTP/1.1 304 - - 4 http://localhost:3000/ Mozilla/5.0 (X11; Linux x86_64) AppleWebKit/537.36 (KHTML, like Gecko) Chrome/70.0.3538.110 Safari/537.36
::1 - Sun Dec 30 2018 13:26:39 GMT+0530 (IST) - GET /javascripts/html5shiv.min.js HTTP/1.1 304 - - 6 http://localhost:3000/ Mozilla/5.0 (X11; Linux x86_64) AppleWebKit/537.36 (KHTML, like Gecko) Chrome/70.0.3538.110 Safari/537.36
::1 - Sun Dec 30 2018 13:26:39 GMT+0530 (IST) - GET /javascripts/html5shiv-printshiv.min.js HTTP/1.1 304 - - 7 http://localhost:3000/ Mozilla/5.0 (X11; Linux x86_64) AppleWebKit/537.36 (KHTML, like Gecko) Chrome/70.0.3538.110 Safari/537.36
::1 - Sun Dec 30 2018 13:26:39 GMT+0530 (IST) - GET /javascripts/respond.min.js HTTP/1.1 304 - - 7 http://localhost:3000/ Mozilla/5.0 (X11; Linux x86_64) AppleWebKit/537.36 (KHTML, like Gecko) Chrome/70.0.3538.110 Safari/537.36
::1 - Sun Dec 30 2018 13:26:39 GMT+0530 (IST) - GET /javascripts/respond.matchmedia.addListener.min.js HTTP/1.1 304 - - 7 http://localhost:3000/ Mozilla/5.0 (X11; Linux x86_64) AppleWebKit/537.36 (KHTML, like Gecko) Chrome/70.0.3538.110 Safari/537.36
::1 - Sun Dec 30 2018 13:28:01 GMT+0530 (IST) - GET / HTTP/1.1 304 - - 57 - Mozilla/5.0 (X11; Linux x86_64) AppleWebKit/537.36 (KHTML, like Gecko) Chrome/70.0.3538.110 Safari/537.36
::1 - Sun Dec 30 2018 13:28:01 GMT+0530 (IST) - GET /stylesheets/style.css HTTP/1.1 304 - - 5 http://localhost:3000/ Mozilla/5.0 (X11; Linux x86_64) AppleWebKit/537.36 (KHTML, like Gecko) Chrome/70.0.3538.110 Safari/537.36
::1 - Sun Dec 30 2018 13:28:01 GMT+0530 (IST) - GET /javascripts/html5shiv.min.js HTTP/1.1 304 - - 4 http://localhost:3000/ Mozilla/5.0 (X11; Linux x86_64) AppleWebKit/537.36 (KHTML, like Gecko) Chrome/70.0.3538.110 Safari/537.36
::1 - Sun Dec 30 2018 13:28:01 GMT+0530 (IST) - GET /javascripts/html5shiv-printshiv.min.js HTTP/1.1 304 - - 5 http://localhost:3000/ Mozilla/5.0 (X11; Linux x86_64) AppleWebKit/537.36 (KHTML, like Gecko) Chrome/70.0.3538.110 Safari/537.36
::1 - Sun Dec 30 2018 13:28:01 GMT+0530 (IST) - GET /javascripts/respond.min.js HTTP/1.1 304 - - 5 http://localhost:3000/ Mozilla/5.0 (X11; Linux x86_64) AppleWebKit/537.36 (KHTML, like Gecko) Chrome/70.0.3538.110 Safari/537.36
::1 - Sun Dec 30 2018 13:28:01 GMT+0530 (IST) - GET /javascripts/respond.matchmedia.addListener.min.js HTTP/1.1 304 - - 6 http://localhost:3000/ Mozilla/5.0 (X11; Linux x86_64) AppleWebKit/537.36 (KHTML, like Gecko) Chrome/70.0.3538.110 Safari/537.36
::1 - Sun Dec 30 2018 13:28:39 GMT+0530 (IST) - GET / HTTP/1.1 304 - - 49 - Mozilla/5.0 (X11; Linux x86_64) AppleWebKit/537.36 (KHTML, like Gecko) Chrome/70.0.3538.110 Safari/537.36
::1 - Sun Dec 30 2018 13:28:39 GMT+0530 (IST) - GET /stylesheets/style.css HTTP/1.1 304 - - 2 http://localhost:3000/ Mozilla/5.0 (X11; Linux x86_64) AppleWebKit/537.36 (KHTML, like Gecko) Chrome/70.0.3538.110 Safari/537.36
::1 - Sun Dec 30 2018 13:28:39 GMT+0530 (IST) - GET /javascripts/html5shiv.min.js HTTP/1.1 304 - - 3 http://localhost:3000/ Mozilla/5.0 (X11; Linux x86_64) AppleWebKit/537.36 (KHTML, like Gecko) Chrome/70.0.3538.110 Safari/537.36
::1 - Sun Dec 30 2018 13:28:39 GMT+0530 (IST) - GET /javascripts/html5shiv-printshiv.min.js HTTP/1.1 304 - - 2 http://localhost:3000/ Mozilla/5.0 (X11; Linux x86_64) AppleWebKit/537.36 (KHTML, like Gecko) Chrome/70.0.3538.110 Safari/537.36
::1 - Sun Dec 30 2018 13:28:39 GMT+0530 (IST) - GET /javascripts/respond.min.js HTTP/1.1 304 - - 1 http://localhost:3000/ Mozilla/5.0 (X11; Linux x86_64) AppleWebKit/537.36 (KHTML, like Gecko) Chrome/70.0.3538.110 Safari/537.36
::1 - Sun Dec 30 2018 13:28:39 GMT+0530 (IST) - GET /javascripts/respond.matchmedia.addListener.min.js HTTP/1.1 304 - - 1 http://localhost:3000/ Mozilla/5.0 (X11; Linux x86_64) AppleWebKit/537.36 (KHTML, like Gecko) Chrome/70.0.3538.110 Safari/537.36
::1 - Sun Dec 30 2018 13:28:57 GMT+0530 (IST) - GET / HTTP/1.1 304 - - 56 - Mozilla/5.0 (X11; Linux x86_64) AppleWebKit/537.36 (KHTML, like Gecko) Chrome/70.0.3538.110 Safari/537.36
::1 - Sun Dec 30 2018 13:28:57 GMT+0530 (IST) - GET /stylesheets/style.css HTTP/1.1 304 - - 2 http://localhost:3000/ Mozilla/5.0 (X11; Linux x86_64) AppleWebKit/537.36 (KHTML, like Gecko) Chrome/70.0.3538.110 Safari/537.36
::1 - Sun Dec 30 2018 13:28:57 GMT+0530 (IST) - GET /javascripts/html5shiv.min.js HTTP/1.1 304 - - 2 http://localhost:3000/ Mozilla/5.0 (X11; Linux x86_64) AppleWebKit/537.36 (KHTML, like Gecko) Chrome/70.0.3538.110 Safari/537.36
::1 - Sun Dec 30 2018 13:28:57 GMT+0530 (IST) - GET /javascripts/html5shiv-printshiv.min.js HTTP/1.1 304 - - 1 http://localhost:3000/ Mozilla/5.0 (X11; Linux x86_64) AppleWebKit/537.36 (KHTML, like Gecko) Chrome/70.0.3538.110 Safari/537.36
::1 - Sun Dec 30 2018 13:28:57 GMT+0530 (IST) - GET /javascripts/respond.min.js HTTP/1.1 304 - - 1 http://localhost:3000/ Mozilla/5.0 (X11; Linux x86_64) AppleWebKit/537.36 (KHTML, like Gecko) Chrome/70.0.3538.110 Safari/537.36
::1 - Sun Dec 30 2018 13:28:57 GMT+0530 (IST) - GET /javascripts/respond.matchmedia.addListener.min.js HTTP/1.1 304 - - 1 http://localhost:3000/ Mozilla/5.0 (X11; Linux x86_64) AppleWebKit/537.36 (KHTML, like Gecko) Chrome/70.0.3538.110 Safari/537.36
::1 - Sun Dec 30 2018 13:30:32 GMT+0530 (IST) - GET / HTTP/1.1 304 - - 58 - Mozilla/5.0 (X11; Linux x86_64) AppleWebKit/537.36 (KHTML, like Gecko) Chrome/70.0.3538.110 Safari/537.36
::1 - Sun Dec 30 2018 13:30:32 GMT+0530 (IST) - GET /stylesheets/style.css HTTP/1.1 304 - - 3 http://localhost:3000/ Mozilla/5.0 (X11; Linux x86_64) AppleWebKit/537.36 (KHTML, like Gecko) Chrome/70.0.3538.110 Safari/537.36
::1 - Sun Dec 30 2018 13:30:32 GMT+0530 (IST) - GET /javascripts/html5shiv.min.js HTTP/1.1 304 - - 2 http://localhost:3000/ Mozilla/5.0 (X11; Linux x86_64) AppleWebKit/537.36 (KHTML, like Gecko) Chrome/70.0.3538.110 Safari/537.36
::1 - Sun Dec 30 2018 13:30:32 GMT+0530 (IST) - GET /javascripts/html5shiv-printshiv.min.js HTTP/1.1 304 - - 1 http://localhost:3000/ Mozilla/5.0 (X11; Linux x86_64) AppleWebKit/537.36 (KHTML, like Gecko) Chrome/70.0.3538.110 Safari/537.36
::1 - Sun Dec 30 2018 13:30:32 GMT+0530 (IST) - GET /javascripts/respond.min.js HTTP/1.1 304 - - 1 http://localhost:3000/ Mozilla/5.0 (X11; Linux x86_64) AppleWebKit/537.36 (KHTML, like Gecko) Chrome/70.0.3538.110 Safari/537.36
::1 - Sun Dec 30 2018 13:30:32 GMT+0530 (IST) - GET /javascripts/respond.matchmedia.addListener.min.js HTTP/1.1 304 - - 1 http://localhost:3000/ Mozilla/5.0 (X11; Linux x86_64) AppleWebKit/537.36 (KHTML, like Gecko) Chrome/70.0.3538.110 Safari/537.36
::1 - Sun Dec 30 2018 13:31:14 GMT+0530 (IST) - GET / HTTP/1.1 200 684 - 72 - Mozilla/5.0 (X11; Linux x86_64) AppleWebKit/537.36 (KHTML, like Gecko) Chrome/70.0.3538.110 Safari/537.36
::1 - Sun Dec 30 2018 13:31:14 GMT+0530 (IST) - GET /stylesheets/style.css HTTP/1.1 304 - - 2 http://localhost:3000/ Mozilla/5.0 (X11; Linux x86_64) AppleWebKit/537.36 (KHTML, like Gecko) Chrome/70.0.3538.110 Safari/537.36
::1 - Sun Dec 30 2018 13:31:14 GMT+0530 (IST) - GET /javascripts/html5shiv.min.js HTTP/1.1 304 - - 3 http://localhost:3000/ Mozilla/5.0 (X11; Linux x86_64) AppleWebKit/537.36 (KHTML, like Gecko) Chrome/70.0.3538.110 Safari/537.36
::1 - Sun Dec 30 2018 13:31:14 GMT+0530 (IST) - GET /javascripts/html5shiv-printshiv.min.js HTTP/1.1 304 - - 1 http://localhost:3000/ Mozilla/5.0 (X11; Linux x86_64) AppleWebKit/537.36 (KHTML, like Gecko) Chrome/70.0.3538.110 Safari/537.36
::1 - Sun Dec 30 2018 13:31:14 GMT+0530 (IST) - GET /javascripts/respond.min.js HTTP/1.1 304 - - 2 http://localhost:3000/ Mozilla/5.0 (X11; Linux x86_64) AppleWebKit/537.36 (KHTML, like Gecko) Chrome/70.0.3538.110 Safari/537.36
::1 - Sun Dec 30 2018 13:31:14 GMT+0530 (IST) - GET /javascripts/respond.matchmedia.addListener.min.js HTTP/1.1 304 - - 2 http://localhost:3000/ Mozilla/5.0 (X11; Linux x86_64) AppleWebKit/537.36 (KHTML, like Gecko) Chrome/70.0.3538.110 Safari/537.36
::1 - Sun Dec 30 2018 13:31:35 GMT+0530 (IST) - GET / HTTP/1.1 304 - - 64 - Mozilla/5.0 (X11; Linux x86_64) AppleWebKit/537.36 (KHTML, like Gecko) Chrome/70.0.3538.110 Safari/537.36
::1 - Sun Dec 30 2018 13:31:35 GMT+0530 (IST) - GET /stylesheets/style.css HTTP/1.1 304 - - 4 http://localhost:3000/ Mozilla/5.0 (X11; Linux x86_64) AppleWebKit/537.36 (KHTML, like Gecko) Chrome/70.0.3538.110 Safari/537.36
::1 - Sun Dec 30 2018 13:31:35 GMT+0530 (IST) - GET /javascripts/html5shiv.min.js HTTP/1.1 304 - - 4 http://localhost:3000/ Mozilla/5.0 (X11; Linux x86_64) AppleWebKit/537.36 (KHTML, like Gecko) Chrome/70.0.3538.110 Safari/537.36
::1 - Sun Dec 30 2018 13:31:35 GMT+0530 (IST) - GET /javascripts/html5shiv-printshiv.min.js HTTP/1.1 304 - - 3 http://localhost:3000/ Mozilla/5.0 (X11; Linux x86_64) AppleWebKit/537.36 (KHTML, like Gecko) Chrome/70.0.3538.110 Safari/537.36
::1 - Sun Dec 30 2018 13:31:35 GMT+0530 (IST) - GET /javascripts/respond.min.js HTTP/1.1 304 - - 3 http://localhost:3000/ Mozilla/5.0 (X11; Linux x86_64) AppleWebKit/537.36 (KHTML, like Gecko) Chrome/70.0.3538.110 Safari/537.36
::1 - Sun Dec 30 2018 13:31:35 GMT+0530 (IST) - GET /javascripts/respond.matchmedia.addListener.min.js HTTP/1.1 304 - - 0 http://localhost:3000/ Mozilla/5.0 (X11; Linux x86_64) AppleWebKit/537.36 (KHTML, like Gecko) Chrome/70.0.3538.110 Safari/537.36
::1 - Sun Dec 30 2018 13:43:22 GMT+0530 (IST) - GET / HTTP/1.1 200 708 - 45 - Mozilla/5.0 (X11; Linux x86_64) AppleWebKit/537.36 (KHTML, like Gecko) Chrome/70.0.3538.110 Safari/537.36
::1 - Sun Dec 30 2018 13:43:22 GMT+0530 (IST) - GET /stylesheets/style.css HTTP/1.1 304 - - 4 http://localhost:3000/ Mozilla/5.0 (X11; Linux x86_64) AppleWebKit/537.36 (KHTML, like Gecko) Chrome/70.0.3538.110 Safari/537.36
::1 - Sun Dec 30 2018 13:43:22 GMT+0530 (IST) - GET /javascripts/html5shiv.min.js HTTP/1.1 304 - - 4 http://localhost:3000/ Mozilla/5.0 (X11; Linux x86_64) AppleWebKit/537.36 (KHTML, like Gecko) Chrome/70.0.3538.110 Safari/537.36
::1 - Sun Dec 30 2018 13:43:22 GMT+0530 (IST) - GET /javascripts/html5shiv-printshiv.min.js HTTP/1.1 304 - - 4 http://localhost:3000/ Mozilla/5.0 (X11; Linux x86_64) AppleWebKit/537.36 (KHTML, like Gecko) Chrome/70.0.3538.110 Safari/537.36
::1 - Sun Dec 30 2018 13:43:22 GMT+0530 (IST) - GET /javascripts/respond.min.js HTTP/1.1 304 - - 4 http://localhost:3000/ Mozilla/5.0 (X11; Linux x86_64) AppleWebKit/537.36 (KHTML, like Gecko) Chrome/70.0.3538.110 Safari/537.36
::1 - Sun Dec 30 2018 13:43:22 GMT+0530 (IST) - GET /javascripts/respond.matchmedia.addListener.min.js HTTP/1.1 304 - - 0 http://localhost:3000/ Mozilla/5.0 (X11; Linux x86_64) AppleWebKit/537.36 (KHTML, like Gecko) Chrome/70.0.3538.110 Safari/537.36
::1 - Sun Dec 30 2018 13:52:42 GMT+0530 (IST) - GET / HTTP/1.1 200 663 - 64 - Mozilla/5.0 (X11; Linux x86_64) AppleWebKit/537.36 (KHTML, like Gecko) Chrome/70.0.3538.110 Safari/537.36
::1 - Sun Dec 30 2018 13:52:42 GMT+0530 (IST) - GET /stylesheets/style.css HTTP/1.1 304 - - 4 http://localhost:3000/ Mozilla/5.0 (X11; Linux x86_64) AppleWebKit/537.36 (KHTML, like Gecko) Chrome/70.0.3538.110 Safari/537.36
::1 - Sun Dec 30 2018 13:52:42 GMT+0530 (IST) - GET /javascripts/html5shiv.min.js HTTP/1.1 304 - - 5 http://localhost:3000/ Mozilla/5.0 (X11; Linux x86_64) AppleWebKit/537.36 (KHTML, like Gecko) Chrome/70.0.3538.110 Safari/537.36
::1 - Sun Dec 30 2018 13:52:42 GMT+0530 (IST) - GET /javascripts/html5shiv-printshiv.min.js HTTP/1.1 304 - - 3 http://localhost:3000/ Mozilla/5.0 (X11; Linux x86_64) AppleWebKit/537.36 (KHTML, like Gecko) Chrome/70.0.3538.110 Safari/537.36
::1 - Sun Dec 30 2018 13:52:42 GMT+0530 (IST) - GET /javascripts/respond.min.js HTTP/1.1 304 - - 2 http://localhost:3000/ Mozilla/5.0 (X11; Linux x86_64) AppleWebKit/537.36 (KHTML, like Gecko) Chrome/70.0.3538.110 Safari/537.36
::1 - Sun Dec 30 2018 13:52:42 GMT+0530 (IST) - GET /javascripts/respond.matchmedia.addListener.min.js HTTP/1.1 304 - - 1 http://localhost:3000/ Mozilla/5.0 (X11; Linux x86_64) AppleWebKit/537.36 (KHTML, like Gecko) Chrome/70.0.3538.110 Safari/537.36
::1 - Sun Dec 30 2018 13:53:26 GMT+0530 (IST) - GET / HTTP/1.1 304 - - 54 - Mozilla/5.0 (X11; Linux x86_64) AppleWebKit/537.36 (KHTML, like Gecko) Chrome/70.0.3538.110 Safari/537.36
::1 - Sun Dec 30 2018 13:53:26 GMT+0530 (IST) - GET /stylesheets/style.css HTTP/1.1 304 - - 3 http://localhost:3000/ Mozilla/5.0 (X11; Linux x86_64) AppleWebKit/537.36 (KHTML, like Gecko) Chrome/70.0.3538.110 Safari/537.36
::1 - Sun Dec 30 2018 13:53:26 GMT+0530 (IST) - GET /javascripts/html5shiv.min.js HTTP/1.1 304 - - 2 http://localhost:3000/ Mozilla/5.0 (X11; Linux x86_64) AppleWebKit/537.36 (KHTML, like Gecko) Chrome/70.0.3538.110 Safari/537.36
::1 - Sun Dec 30 2018 13:53:26 GMT+0530 (IST) - GET /javascripts/html5shiv-printshiv.min.js HTTP/1.1 304 - - 1 http://localhost:3000/ Mozilla/5.0 (X11; Linux x86_64) AppleWebKit/537.36 (KHTML, like Gecko) Chrome/70.0.3538.110 Safari/537.36
::1 - Sun Dec 30 2018 13:53:26 GMT+0530 (IST) - GET /javascripts/respond.min.js HTTP/1.1 304 - - 1 http://localhost:3000/ Mozilla/5.0 (X11; Linux x86_64) AppleWebKit/537.36 (KHTML, like Gecko) Chrome/70.0.3538.110 Safari/537.36
::1 - Sun Dec 30 2018 13:53:26 GMT+0530 (IST) - GET /javascripts/respond.matchmedia.addListener.min.js HTTP/1.1 304 - - 1 http://localhost:3000/ Mozilla/5.0 (X11; Linux x86_64) AppleWebKit/537.36 (KHTML, like Gecko) Chrome/70.0.3538.110 Safari/537.36
::1 - Sun Dec 30 2018 14:00:09 GMT+0530 (IST) - GET / HTTP/1.1 200 837 - 55 - Mozilla/5.0 (X11; Linux x86_64) AppleWebKit/537.36 (KHTML, like Gecko) Chrome/70.0.3538.110 Safari/537.36
::1 - Sun Dec 30 2018 14:00:09 GMT+0530 (IST) - GET /stylesheets/style.css HTTP/1.1 304 - - 4 http://localhost:3000/ Mozilla/5.0 (X11; Linux x86_64) AppleWebKit/537.36 (KHTML, like Gecko) Chrome/70.0.3538.110 Safari/537.36
::1 - Sun Dec 30 2018 14:00:09 GMT+0530 (IST) - GET /javascripts/html5shiv.min.js HTTP/1.1 304 - - 4 http://localhost:3000/ Mozilla/5.0 (X11; Linux x86_64) AppleWebKit/537.36 (KHTML, like Gecko) Chrome/70.0.3538.110 Safari/537.36
::1 - Sun Dec 30 2018 14:00:09 GMT+0530 (IST) - GET /javascripts/html5shiv-printshiv.min.js HTTP/1.1 304 - - 2 http://localhost:3000/ Mozilla/5.0 (X11; Linux x86_64) AppleWebKit/537.36 (KHTML, like Gecko) Chrome/70.0.3538.110 Safari/537.36
::1 - Sun Dec 30 2018 14:00:09 GMT+0530 (IST) - GET /javascripts/respond.min.js HTTP/1.1 304 - - 2 http://localhost:3000/ Mozilla/5.0 (X11; Linux x86_64) AppleWebKit/537.36 (KHTML, like Gecko) Chrome/70.0.3538.110 Safari/537.36
::1 - Sun Dec 30 2018 14:00:09 GMT+0530 (IST) - GET /javascripts/respond.matchmedia.addListener.min.js HTTP/1.1 304 - - 2 http://localhost:3000/ Mozilla/5.0 (X11; Linux x86_64) AppleWebKit/537.36 (KHTML, like Gecko) Chrome/70.0.3538.110 Safari/537.36
::1 - Sun Dec 30 2018 14:05:01 GMT+0530 (IST) - GET / HTTP/1.1 304 - - 65 - Mozilla/5.0 (X11; Linux x86_64) AppleWebKit/537.36 (KHTML, like Gecko) Chrome/70.0.3538.110 Safari/537.36
::1 - Sun Dec 30 2018 14:05:01 GMT+0530 (IST) - GET /stylesheets/style.css HTTP/1.1 304 - - 4 http://localhost:3000/ Mozilla/5.0 (X11; Linux x86_64) AppleWebKit/537.36 (KHTML, like Gecko) Chrome/70.0.3538.110 Safari/537.36
::1 - Sun Dec 30 2018 14:05:01 GMT+0530 (IST) - GET /javascripts/html5shiv.min.js HTTP/1.1 304 - - 6 http://localhost:3000/ Mozilla/5.0 (X11; Linux x86_64) AppleWebKit/537.36 (KHTML, like Gecko) Chrome/70.0.3538.110 Safari/537.36
::1 - Sun Dec 30 2018 14:05:01 GMT+0530 (IST) - GET /javascripts/html5shiv-printshiv.min.js HTTP/1.1 304 - - 5 http://localhost:3000/ Mozilla/5.0 (X11; Linux x86_64) AppleWebKit/537.36 (KHTML, like Gecko) Chrome/70.0.3538.110 Safari/537.36
::1 - Sun Dec 30 2018 14:05:01 GMT+0530 (IST) - GET /javascripts/respond.min.js HTTP/1.1 304 - - 2 http://localhost:3000/ Mozilla/5.0 (X11; Linux x86_64) AppleWebKit/537.36 (KHTML, like Gecko) Chrome/70.0.3538.110 Safari/537.36
::1 - Sun Dec 30 2018 14:05:01 GMT+0530 (IST) - GET /javascripts/respond.matchmedia.addListener.min.js HTTP/1.1 304 - - 2 http://localhost:3000/ Mozilla/5.0 (X11; Linux x86_64) AppleWebKit/537.36 (KHTML, like Gecko) Chrome/70.0.3538.110 Safari/537.36
::1 - Sun Dec 30 2018 14:05:06 GMT+0530 (IST) - GET / HTTP/1.1 304 - - 30 - Mozilla/5.0 (X11; Linux x86_64) AppleWebKit/537.36 (KHTML, like Gecko) Chrome/70.0.3538.110 Safari/537.36
::1 - Sun Dec 30 2018 14:05:06 GMT+0530 (IST) - GET /stylesheets/style.css HTTP/1.1 304 - - 1 http://localhost:3000/ Mozilla/5.0 (X11; Linux x86_64) AppleWebKit/537.36 (KHTML, like Gecko) Chrome/70.0.3538.110 Safari/537.36
::1 - Sun Dec 30 2018 14:05:06 GMT+0530 (IST) - GET /javascripts/html5shiv.min.js HTTP/1.1 304 - - 1 http://localhost:3000/ Mozilla/5.0 (X11; Linux x86_64) AppleWebKit/537.36 (KHTML, like Gecko) Chrome/70.0.3538.110 Safari/537.36
::1 - Sun Dec 30 2018 14:05:06 GMT+0530 (IST) - GET /javascripts/html5shiv-printshiv.min.js HTTP/1.1 304 - - 1 http://localhost:3000/ Mozilla/5.0 (X11; Linux x86_64) AppleWebKit/537.36 (KHTML, like Gecko) Chrome/70.0.3538.110 Safari/537.36
::1 - Sun Dec 30 2018 14:05:06 GMT+0530 (IST) - GET /javascripts/respond.min.js HTTP/1.1 304 - - 1 http://localhost:3000/ Mozilla/5.0 (X11; Linux x86_64) AppleWebKit/537.36 (KHTML, like Gecko) Chrome/70.0.3538.110 Safari/537.36
::1 - Sun Dec 30 2018 14:05:06 GMT+0530 (IST) - GET /javascripts/respond.matchmedia.addListener.min.js HTTP/1.1 304 - - 1 http://localhost:3000/ Mozilla/5.0 (X11; Linux x86_64) AppleWebKit/537.36 (KHTML, like Gecko) Chrome/70.0.3538.110 Safari/537.36
::1 - Sun Dec 30 2018 14:09:32 GMT+0530 (IST) - GET / HTTP/1.1 - - - - - Mozilla/5.0 (X11; Linux x86_64) AppleWebKit/537.36 (KHTML, like Gecko) Chrome/70.0.3538.110 Safari/537.36
::1 - Sun Dec 30 2018 14:14:23 GMT+0530 (IST) - GET / HTTP/1.1 - - - - - Mozilla/5.0 (X11; Linux x86_64) AppleWebKit/537.36 (KHTML, like Gecko) Chrome/70.0.3538.110 Safari/537.36
::1 - Sun Dec 30 2018 14:15:18 GMT+0530 (IST) - GET / HTTP/1.1 200 837 - 46 - Mozilla/5.0 (X11; Linux x86_64) AppleWebKit/537.36 (KHTML, like Gecko) Chrome/70.0.3538.110 Safari/537.36
::1 - Sun Dec 30 2018 14:15:18 GMT+0530 (IST) - GET /stylesheets/style.css HTTP/1.1 304 - - 7 http://localhost:3000/ Mozilla/5.0 (X11; Linux x86_64) AppleWebKit/537.36 (KHTML, like Gecko) Chrome/70.0.3538.110 Safari/537.36
::1 - Sun Dec 30 2018 14:15:18 GMT+0530 (IST) - GET /javascripts/html5shiv.min.js HTTP/1.1 304 - - 10 http://localhost:3000/ Mozilla/5.0 (X11; Linux x86_64) AppleWebKit/537.36 (KHTML, like Gecko) Chrome/70.0.3538.110 Safari/537.36
::1 - Sun Dec 30 2018 14:15:18 GMT+0530 (IST) - GET /javascripts/html5shiv-printshiv.min.js HTTP/1.1 304 - - 11 http://localhost:3000/ Mozilla/5.0 (X11; Linux x86_64) AppleWebKit/537.36 (KHTML, like Gecko) Chrome/70.0.3538.110 Safari/537.36
::1 - Sun Dec 30 2018 14:15:18 GMT+0530 (IST) - GET /javascripts/respond.min.js HTTP/1.1 304 - - 11 http://localhost:3000/ Mozilla/5.0 (X11; Linux x86_64) AppleWebKit/537.36 (KHTML, like Gecko) Chrome/70.0.3538.110 Safari/537.36
::1 - Sun Dec 30 2018 14:15:18 GMT+0530 (IST) - GET /javascripts/respond.matchmedia.addListener.min.js HTTP/1.1 304 - - 10 http://localhost:3000/ Mozilla/5.0 (X11; Linux x86_64) AppleWebKit/537.36 (KHTML, like Gecko) Chrome/70.0.3538.110 Safari/537.36
::1 - Sun Dec 30 2018 14:19:13 GMT+0530 (IST) - GET / HTTP/1.1 - - - - - Mozilla/5.0 (X11; Linux x86_64) AppleWebKit/537.36 (KHTML, like Gecko) Chrome/70.0.3538.110 Safari/537.36
::1 - Sun Dec 30 2018 14:20:40 GMT+0530 (IST) - GET / HTTP/1.1 - - - - - Mozilla/5.0 (X11; Linux x86_64) AppleWebKit/537.36 (KHTML, like Gecko) Chrome/70.0.3538.110 Safari/537.36
::1 - Sun Dec 30 2018 14:22:10 GMT+0530 (IST) - GET / HTTP/1.1 200 837 - 60 - Mozilla/5.0 (X11; Linux x86_64) AppleWebKit/537.36 (KHTML, like Gecko) Chrome/70.0.3538.110 Safari/537.36
::1 - Sun Dec 30 2018 14:22:10 GMT+0530 (IST) - GET /stylesheets/style.css HTTP/1.1 304 - - 2 http://localhost:3000/ Mozilla/5.0 (X11; Linux x86_64) AppleWebKit/537.36 (KHTML, like Gecko) Chrome/70.0.3538.110 Safari/537.36
::1 - Sun Dec 30 2018 14:22:10 GMT+0530 (IST) - GET /javascripts/html5shiv.min.js HTTP/1.1 304 - - 1 http://localhost:3000/ Mozilla/5.0 (X11; Linux x86_64) AppleWebKit/537.36 (KHTML, like Gecko) Chrome/70.0.3538.110 Safari/537.36
::1 - Sun Dec 30 2018 14:22:10 GMT+0530 (IST) - GET /javascripts/html5shiv-printshiv.min.js HTTP/1.1 304 - - 0 http://localhost:3000/ Mozilla/5.0 (X11; Linux x86_64) AppleWebKit/537.36 (KHTML, like Gecko) Chrome/70.0.3538.110 Safari/537.36
::1 - Sun Dec 30 2018 14:22:10 GMT+0530 (IST) - GET /javascripts/respond.min.js HTTP/1.1 304 - - 1 http://localhost:3000/ Mozilla/5.0 (X11; Linux x86_64) AppleWebKit/537.36 (KHTML, like Gecko) Chrome/70.0.3538.110 Safari/537.36
::1 - Sun Dec 30 2018 14:22:10 GMT+0530 (IST) - GET /javascripts/respond.matchmedia.addListener.min.js HTTP/1.1 304 - - 1 http://localhost:3000/ Mozilla/5.0 (X11; Linux x86_64) AppleWebKit/537.36 (KHTML, like Gecko) Chrome/70.0.3538.110 Safari/537.36
::1 - Sun Dec 30 2018 14:22:39 GMT+0530 (IST) - GET / HTTP/1.1 - - - - - Mozilla/5.0 (X11; Linux x86_64) AppleWebKit/537.36 (KHTML, like Gecko) Chrome/70.0.3538.110 Safari/537.36
::1 - Sun Dec 30 2018 14:36:27 GMT+0530 (IST) - GET / HTTP/1.1 200 837 - 68 - Mozilla/5.0 (X11; Linux x86_64) AppleWebKit/537.36 (KHTML, like Gecko) Chrome/70.0.3538.110 Safari/537.36
::1 - Sun Dec 30 2018 14:36:27 GMT+0530 (IST) - GET /stylesheets/style.css HTTP/1.1 304 - - 4 http://localhost:3000/ Mozilla/5.0 (X11; Linux x86_64) AppleWebKit/537.36 (KHTML, like Gecko) Chrome/70.0.3538.110 Safari/537.36
::1 - Sun Dec 30 2018 14:36:27 GMT+0530 (IST) - GET /javascripts/html5shiv.min.js HTTP/1.1 304 - - 3 http://localhost:3000/ Mozilla/5.0 (X11; Linux x86_64) AppleWebKit/537.36 (KHTML, like Gecko) Chrome/70.0.3538.110 Safari/537.36
::1 - Sun Dec 30 2018 14:36:27 GMT+0530 (IST) - GET /javascripts/html5shiv-printshiv.min.js HTTP/1.1 304 - - 2 http://localhost:3000/ Mozilla/5.0 (X11; Linux x86_64) AppleWebKit/537.36 (KHTML, like Gecko) Chrome/70.0.3538.110 Safari/537.36
::1 - Sun Dec 30 2018 14:36:27 GMT+0530 (IST) - GET /javascripts/respond.min.js HTTP/1.1 304 - - 2 http://localhost:3000/ Mozilla/5.0 (X11; Linux x86_64) AppleWebKit/537.36 (KHTML, like Gecko) Chrome/70.0.3538.110 Safari/537.36
::1 - Sun Dec 30 2018 14:36:27 GMT+0530 (IST) - GET /javascripts/respond.matchmedia.addListener.min.js HTTP/1.1 304 - - 2 http://localhost:3000/ Mozilla/5.0 (X11; Linux x86_64) AppleWebKit/537.36 (KHTML, like Gecko) Chrome/70.0.3538.110 Safari/537.36
::1 - Sun Dec 30 2018 14:40:19 GMT+0530 (IST) - GET / HTTP/1.1 304 - - 45 - Mozilla/5.0 (X11; Linux x86_64) AppleWebKit/537.36 (KHTML, like Gecko) Chrome/70.0.3538.110 Safari/537.36
::1 - Sun Dec 30 2018 14:40:19 GMT+0530 (IST) - GET /stylesheets/style.css HTTP/1.1 304 - - 2 http://localhost:3000/ Mozilla/5.0 (X11; Linux x86_64) AppleWebKit/537.36 (KHTML, like Gecko) Chrome/70.0.3538.110 Safari/537.36
::1 - Sun Dec 30 2018 14:40:19 GMT+0530 (IST) - GET /javascripts/html5shiv.min.js HTTP/1.1 304 - - 3 http://localhost:3000/ Mozilla/5.0 (X11; Linux x86_64) AppleWebKit/537.36 (KHTML, like Gecko) Chrome/70.0.3538.110 Safari/537.36
::1 - Sun Dec 30 2018 14:40:19 GMT+0530 (IST) - GET /javascripts/html5shiv-printshiv.min.js HTTP/1.1 304 - - 3 http://localhost:3000/ Mozilla/5.0 (X11; Linux x86_64) AppleWebKit/537.36 (KHTML, like Gecko) Chrome/70.0.3538.110 Safari/537.36
::1 - Sun Dec 30 2018 14:40:19 GMT+0530 (IST) - GET /javascripts/respond.min.js HTTP/1.1 304 - - 3 http://localhost:3000/ Mozilla/5.0 (X11; Linux x86_64) AppleWebKit/537.36 (KHTML, like Gecko) Chrome/70.0.3538.110 Safari/537.36
::1 - Sun Dec 30 2018 14:40:19 GMT+0530 (IST) - GET /javascripts/respond.matchmedia.addListener.min.js HTTP/1.1 304 - - 3 http://localhost:3000/ Mozilla/5.0 (X11; Linux x86_64) AppleWebKit/537.36 (KHTML, like Gecko) Chrome/70.0.3538.110 Safari/537.36
::1 - Sun Dec 30 2018 14:40:33 GMT+0530 (IST) - GET / HTTP/1.1 304 - - 62 - Mozilla/5.0 (X11; Linux x86_64) AppleWebKit/537.36 (KHTML, like Gecko) Chrome/70.0.3538.110 Safari/537.36
::1 - Sun Dec 30 2018 14:40:33 GMT+0530 (IST) - GET /stylesheets/style.css HTTP/1.1 304 - - 3 http://localhost:3000/ Mozilla/5.0 (X11; Linux x86_64) AppleWebKit/537.36 (KHTML, like Gecko) Chrome/70.0.3538.110 Safari/537.36
::1 - Sun Dec 30 2018 14:40:33 GMT+0530 (IST) - GET /javascripts/html5shiv.min.js HTTP/1.1 304 - - 3 http://localhost:3000/ Mozilla/5.0 (X11; Linux x86_64) AppleWebKit/537.36 (KHTML, like Gecko) Chrome/70.0.3538.110 Safari/537.36
::1 - Sun Dec 30 2018 14:40:33 GMT+0530 (IST) - GET /javascripts/html5shiv-printshiv.min.js HTTP/1.1 304 - - 3 http://localhost:3000/ Mozilla/5.0 (X11; Linux x86_64) AppleWebKit/537.36 (KHTML, like Gecko) Chrome/70.0.3538.110 Safari/537.36
::1 - Sun Dec 30 2018 14:40:33 GMT+0530 (IST) - GET /javascripts/respond.min.js HTTP/1.1 304 - - 1 http://localhost:3000/ Mozilla/5.0 (X11; Linux x86_64) AppleWebKit/537.36 (KHTML, like Gecko) Chrome/70.0.3538.110 Safari/537.36
::1 - Sun Dec 30 2018 14:40:33 GMT+0530 (IST) - GET /javascripts/respond.matchmedia.addListener.min.js HTTP/1.1 304 - - 1 http://localhost:3000/ Mozilla/5.0 (X11; Linux x86_64) AppleWebKit/537.36 (KHTML, like Gecko) Chrome/70.0.3538.110 Safari/537.36
